{
  message: {
    uuid: '70f7be08-c372-4ea8-b44f-eaac544a46b7',
    path: '/page/main',
    headers: { 'x-api-key': 'test-api-key', 'user-key': '19273790' }
  },
  level: 'info',
  timestamp: '2020-11-05 16:00:18'
}
{
  message: {
    uuid: '8c15fa18-3974-46f0-a2b8-920e9ffe9461',
    path: '/page/main',
    headers: { 'x-api-key': 'test-api-key', 'user-key': '19273790' }
  },
  level: 'info',
  timestamp: '2020-11-05 16:01:02'
}
{
  message: {
    uuid: '1d4d498e-f6af-413a-9931-01ed381cad0b',
    path: '/page/main',
    headers: { 'x-api-key': 'test-api-key', 'user-key': '19273790' }
  },
  level: 'info',
  timestamp: '2020-11-05 16:01:22'
}
{
  message: {
    uuid: 'aa21f798-72c2-4a4a-b5a8-ace04e7e62b2',
    path: '/page/main',
    headers: { 'x-api-key': 'test-api-key', 'user-key': '19273790' }
  },
  level: 'info',
  timestamp: '2020-11-05 16:01:35'
}
